<?xml version="1.0" encoding="UTF-8"?>
<!-- Generated by org.testng.reporters.JUnitReportReporter -->
<testsuite hostname="AXEL-HP" failures="0" tests="3" name="casosReales.Omayo" time="0.087" errors="0" timestamp="2021-01-04T12:34:49 ART" skipped="1">
  <testcase classname="casosReales.Omayo" name="tituloPagina" time="0.016"/>
  <system-out/>
  <testcase classname="casosReales.Omayo" name="textoDesaparece" time="0.071"/>
  <system-out/>
  <testcase classname="casosReales.Omayo" name="textoAparece">
    <skipped/>
  </testcase> <!-- textoAparece -->
  <system-out/>
</testsuite> <!-- casosReales.Omayo -->
