<?xml version="1.0" encoding="UTF-8"?>
<!-- Generated by org.testng.reporters.JUnitReportReporter -->
<testsuite hostname="AXEL-HP" failures="0" tests="3" name="casosReales.Omayo" time="0.000" errors="0" timestamp="2021-01-04T12:00:08 ART" skipped="3">
  <testcase classname="casosReales.Omayo" name="tituloPagina" time="0.000">
    <skipped/>
  </testcase> <!-- tituloPagina -->
  <system-out/>
  <testcase classname="casosReales.Omayo" name="textoDesaparece" time="0.000">
    <skipped/>
  </testcase> <!-- textoDesaparece -->
  <system-out/>
  <testcase classname="casosReales.Omayo" name="textoAparece">
    <skipped/>
  </testcase> <!-- textoAparece -->
  <system-out/>
</testsuite> <!-- casosReales.Omayo -->
