<?xml version="1.0" encoding="UTF-8"?>
<!-- Generated by org.testng.reporters.JUnitReportReporter -->
<testsuite hostname="AXEL-HP" failures="0" tests="4" name="casosReales.Omayo" time="4.012" errors="0" timestamp="2021-01-04T14:31:07 ART" skipped="3">
  <testcase classname="casosReales.Omayo" name="envioMail" time="4.012"/>
  <system-out/>
  <testcase classname="casosReales.Omayo" name="textoAparece">
    <skipped/>
  </testcase> <!-- textoAparece -->
  <system-out/>
  <testcase classname="casosReales.Omayo" name="textoDesaparece">
    <skipped/>
  </testcase> <!-- textoDesaparece -->
  <system-out/>
  <testcase classname="casosReales.Omayo" name="tituloPagina">
    <skipped/>
  </testcase> <!-- tituloPagina -->
  <system-out/>
</testsuite> <!-- casosReales.Omayo -->
