<?xml version="1.0" encoding="UTF-8"?>
<!-- Generated by org.testng.reporters.JUnitReportReporter -->
<testsuite hostname="AXEL-HP" failures="0" tests="3" name="casosReales.Compendiumdev" time="0.738" errors="0" timestamp="2021-01-04T12:34:49 ART" skipped="0">
  <testcase classname="casosReales.Compendiumdev" name="verificarBoton1" time="0.184"/>
  <system-out/>
  <testcase classname="casosReales.Compendiumdev" name="verificarBoton2" time="0.267"/>
  <system-out/>
  <testcase classname="casosReales.Compendiumdev" name="verificarBoton3" time="0.287"/>
  <system-out/>
</testsuite> <!-- casosReales.Compendiumdev -->
