<?xml version="1.0" encoding="UTF-8"?>
<!-- Generated by org.testng.reporters.JUnitReportReporter -->
<testsuite hostname="AXEL-HP" failures="0" tests="6" name="casosReales.Omayo" time="29.086" errors="0" timestamp="2021-01-04T18:10:02 ART" skipped="4">
  <testcase classname="casosReales.Omayo" name="linksExternos" time="26.948"/>
  <system-out/>
  <testcase classname="casosReales.Omayo" name="linksInternos" time="2.138"/>
  <system-out/>
  <testcase classname="casosReales.Omayo" name="textoAparece">
    <skipped/>
  </testcase> <!-- textoAparece -->
  <system-out/>
  <testcase classname="casosReales.Omayo" name="textoDesaparece">
    <skipped/>
  </testcase> <!-- textoDesaparece -->
  <system-out/>
  <testcase classname="casosReales.Omayo" name="tituloPagina">
    <skipped/>
  </testcase> <!-- tituloPagina -->
  <system-out/>
  <testcase classname="casosReales.Omayo" name="envioMail">
    <skipped/>
  </testcase> <!-- envioMail -->
  <system-out/>
</testsuite> <!-- casosReales.Omayo -->
